CRITICAL - 2024-06-15 16:29:22 --> The framework needs the following extension(s) installed and loaded: intl.
in SYSTEMPATH\CodeIgniter.php on line 226.
 1 SYSTEMPATH\CodeIgniter.php(226): CodeIgniter\Exceptions\FrameworkException::forMissingExtension('intl')
 2 SYSTEMPATH\CodeIgniter.php(190): CodeIgniter\CodeIgniter->resolvePlatformExtensions()
 3 FCPATH\index.php(55): CodeIgniter\CodeIgniter->initialize()
CRITICAL - 2024-06-15 16:29:38 --> The framework needs the following extension(s) installed and loaded: intl.
in SYSTEMPATH\CodeIgniter.php on line 226.
 1 SYSTEMPATH\CodeIgniter.php(226): CodeIgniter\Exceptions\FrameworkException::forMissingExtension('intl')
 2 SYSTEMPATH\CodeIgniter.php(190): CodeIgniter\CodeIgniter->resolvePlatformExtensions()
 3 FCPATH\index.php(55): CodeIgniter\CodeIgniter->initialize()
CRITICAL - 2024-06-15 14:31:23 --> CodeIgniter\Autoloader\Autoloader::main(): Failed opening required 'db_connect.php' (include_path='D:\Xamp\php\PEAR')
in APPPATH\Controllers\usuario_controller.php on line 4.
 1 [internal function]: CodeIgniter\Debug\Exceptions->shutdownHandler()
ERROR - 2024-06-15 14:32:31 --> Error connecting to the database: mysqli_sql_exception: Unknown database 'bd_ramos_jorge' in D:\Xamp\htdocs\proyecto_ramos_jorge\system\Database\MySQLi\Connection.php:174
Stack trace:
#0 D:\Xamp\htdocs\proyecto_ramos_jorge\system\Database\MySQLi\Connection.php(174): mysqli->real_connect('localhost', 'root', '', 'bd_ramos_jorge', 3306, '', 0)
#1 D:\Xamp\htdocs\proyecto_ramos_jorge\system\Database\BaseConnection.php(391): CodeIgniter\Database\MySQLi\Connection->connect(false)
#2 D:\Xamp\htdocs\proyecto_ramos_jorge\system\Database\BaseConnection.php(573): CodeIgniter\Database\BaseConnection->initialize()
#3 D:\Xamp\htdocs\proyecto_ramos_jorge\system\Database\BaseBuilder.php(1616): CodeIgniter\Database\BaseConnection->query('SELECT 1\nFROM `...', Array, false)
#4 D:\Xamp\htdocs\proyecto_ramos_jorge\system\Validation\StrictRules\Rules.php(206): CodeIgniter\Database\BaseBuilder->get()
#5 D:\Xamp\htdocs\proyecto_ramos_jorge\system\Validation\Validation.php(312): CodeIgniter\Validation\StrictRules\Rules->is_unique('jpdjorgito12@gm...', 'email', Array, NULL, 'email')
#6 D:\Xamp\htdocs\proyecto_ramos_jorge\system\Validation\Validation.php(170): CodeIgniter\Validation\Validation->processRules('email', 'email', 'jpdjorgito12@gm...', Array, Array)
#7 D:\Xamp\htdocs\proyecto_ramos_jorge\system\Controller.php(140): CodeIgniter\Validation\Validation->run()
#8 D:\Xamp\htdocs\proyecto_ramos_jorge\app\Controllers\usuario_controller.php(28): CodeIgniter\Controller->validate(Array)
#9 D:\Xamp\htdocs\proyecto_ramos_jorge\system\CodeIgniter.php(934): App\Controllers\Usuario_controller->formValidation()
#10 D:\Xamp\htdocs\proyecto_ramos_jorge\system\CodeIgniter.php(499): CodeIgniter\CodeIgniter->runController(Object(App\Controllers\Usuario_controller))
#11 D:\Xamp\htdocs\proyecto_ramos_jorge\system\CodeIgniter.php(368): CodeIgniter\CodeIgniter->handleRequest(NULL, Object(Config\Cache), false)
#12 D:\Xamp\htdocs\proyecto_ramos_jorge\index.php(67): CodeIgniter\CodeIgniter->run()
#13 {main}

Next CodeIgniter\Database\Exceptions\DatabaseException: Unknown database 'bd_ramos_jorge' in D:\Xamp\htdocs\proyecto_ramos_jorge\system\Database\MySQLi\Connection.php:218
Stack trace:
#0 D:\Xamp\htdocs\proyecto_ramos_jorge\system\Database\BaseConnection.php(391): CodeIgniter\Database\MySQLi\Connection->connect(false)
#1 D:\Xamp\htdocs\proyecto_ramos_jorge\system\Database\BaseConnection.php(573): CodeIgniter\Database\BaseConnection->initialize()
#2 D:\Xamp\htdocs\proyecto_ramos_jorge\system\Database\BaseBuilder.php(1616): CodeIgniter\Database\BaseConnection->query('SELECT 1\nFROM `...', Array, false)
#3 D:\Xamp\htdocs\proyecto_ramos_jorge\system\Validation\StrictRules\Rules.php(206): CodeIgniter\Database\BaseBuilder->get()
#4 D:\Xamp\htdocs\proyecto_ramos_jorge\system\Validation\Validation.php(312): CodeIgniter\Validation\StrictRules\Rules->is_unique('jpdjorgito12@gm...', 'email', Array, NULL, 'email')
#5 D:\Xamp\htdocs\proyecto_ramos_jorge\system\Validation\Validation.php(170): CodeIgniter\Validation\Validation->processRules('email', 'email', 'jpdjorgito12@gm...', Array, Array)
#6 D:\Xamp\htdocs\proyecto_ramos_jorge\system\Controller.php(140): CodeIgniter\Validation\Validation->run()
#7 D:\Xamp\htdocs\proyecto_ramos_jorge\app\Controllers\usuario_controller.php(28): CodeIgniter\Controller->validate(Array)
#8 D:\Xamp\htdocs\proyecto_ramos_jorge\system\CodeIgniter.php(934): App\Controllers\Usuario_controller->formValidation()
#9 D:\Xamp\htdocs\proyecto_ramos_jorge\system\CodeIgniter.php(499): CodeIgniter\CodeIgniter->runController(Object(App\Controllers\Usuario_controller))
#10 D:\Xamp\htdocs\proyecto_ramos_jorge\system\CodeIgniter.php(368): CodeIgniter\CodeIgniter->handleRequest(NULL, Object(Config\Cache), false)
#11 D:\Xamp\htdocs\proyecto_ramos_jorge\index.php(67): CodeIgniter\CodeIgniter->run()
#12 {main}
CRITICAL - 2024-06-15 14:32:31 --> Unable to connect to the database.
Main connection [MySQLi]: Unknown database 'bd_ramos_jorge'
in SYSTEMPATH\Database\BaseConnection.php on line 427.
 1 SYSTEMPATH\Database\BaseConnection.php(573): CodeIgniter\Database\BaseConnection->initialize()
 2 SYSTEMPATH\Database\BaseBuilder.php(1616): CodeIgniter\Database\BaseConnection->query('SELECT 1
FROM `usuarios`
WHERE `email` = :email:
 LIMIT 1', [...], false)
 3 SYSTEMPATH\Validation\StrictRules\Rules.php(206): CodeIgniter\Database\BaseBuilder->get()
 4 SYSTEMPATH\Validation\Validation.php(312): CodeIgniter\Validation\StrictRules\Rules->is_unique('jpdjorgito12@gmail.com', 'email', [...], null, 'email')
 5 SYSTEMPATH\Validation\Validation.php(170): CodeIgniter\Validation\Validation->processRules('email', 'email', 'jpdjorgito12@gmail.com', [...], [...])
 6 SYSTEMPATH\Controller.php(140): CodeIgniter\Validation\Validation->run()
 7 APPPATH\Controllers\usuario_controller.php(28): CodeIgniter\Controller->validate([...])
 8 SYSTEMPATH\CodeIgniter.php(934): App\Controllers\Usuario_controller->formValidation()
 9 SYSTEMPATH\CodeIgniter.php(499): CodeIgniter\CodeIgniter->runController(Object(App\Controllers\Usuario_controller))
10 SYSTEMPATH\CodeIgniter.php(368): CodeIgniter\CodeIgniter->handleRequest(null, Object(Config\Cache), false)
11 FCPATH\index.php(67): CodeIgniter\CodeIgniter->run()
