ERROR - 2024-07-02 13:22:35 --> Error connecting to the database: mysqli_sql_exception: No se puede establecer una conexión ya que el equipo de destino denegó expresamente dicha conexión.
 in D:\Xamp\htdocs\proyecto_ramos_jorge\system\Database\MySQLi\Connection.php:174
Stack trace:
#0 D:\Xamp\htdocs\proyecto_ramos_jorge\system\Database\MySQLi\Connection.php(174): mysqli->real_connect('localhost', 'root', '', 'db_ramos_jorge', 3306, '', 0)
#1 D:\Xamp\htdocs\proyecto_ramos_jorge\system\Database\BaseConnection.php(391): CodeIgniter\Database\MySQLi\Connection->connect(false)
#2 D:\Xamp\htdocs\proyecto_ramos_jorge\system\Database\BaseConnection.php(573): CodeIgniter\Database\BaseConnection->initialize()
#3 D:\Xamp\htdocs\proyecto_ramos_jorge\system\Database\BaseBuilder.php(1616): CodeIgniter\Database\BaseConnection->query('SELECT *\nFROM `...', Array, false)
#4 D:\Xamp\htdocs\proyecto_ramos_jorge\system\Model.php(241): CodeIgniter\Database\BaseBuilder->get()
#5 D:\Xamp\htdocs\proyecto_ramos_jorge\system\BaseModel.php(618): CodeIgniter\Model->doFindAll(3, 0)
#6 D:\Xamp\htdocs\proyecto_ramos_jorge\app\Controllers\Home.php(13): CodeIgniter\BaseModel->findAll(3)
#7 D:\Xamp\htdocs\proyecto_ramos_jorge\system\CodeIgniter.php(934): App\Controllers\Home->Principal()
#8 D:\Xamp\htdocs\proyecto_ramos_jorge\system\CodeIgniter.php(499): CodeIgniter\CodeIgniter->runController(Object(App\Controllers\Home))
#9 D:\Xamp\htdocs\proyecto_ramos_jorge\system\CodeIgniter.php(368): CodeIgniter\CodeIgniter->handleRequest(NULL, Object(Config\Cache), false)
#10 D:\Xamp\htdocs\proyecto_ramos_jorge\index.php(67): CodeIgniter\CodeIgniter->run()
#11 {main}

Next CodeIgniter\Database\Exceptions\DatabaseException: No se puede establecer una conexión ya que el equipo de destino denegó expresamente dicha conexión.
 in D:\Xamp\htdocs\proyecto_ramos_jorge\system\Database\MySQLi\Connection.php:218
Stack trace:
#0 D:\Xamp\htdocs\proyecto_ramos_jorge\system\Database\BaseConnection.php(391): CodeIgniter\Database\MySQLi\Connection->connect(false)
#1 D:\Xamp\htdocs\proyecto_ramos_jorge\system\Database\BaseConnection.php(573): CodeIgniter\Database\BaseConnection->initialize()
#2 D:\Xamp\htdocs\proyecto_ramos_jorge\system\Database\BaseBuilder.php(1616): CodeIgniter\Database\BaseConnection->query('SELECT *\nFROM `...', Array, false)
#3 D:\Xamp\htdocs\proyecto_ramos_jorge\system\Model.php(241): CodeIgniter\Database\BaseBuilder->get()
#4 D:\Xamp\htdocs\proyecto_ramos_jorge\system\BaseModel.php(618): CodeIgniter\Model->doFindAll(3, 0)
#5 D:\Xamp\htdocs\proyecto_ramos_jorge\app\Controllers\Home.php(13): CodeIgniter\BaseModel->findAll(3)
#6 D:\Xamp\htdocs\proyecto_ramos_jorge\system\CodeIgniter.php(934): App\Controllers\Home->Principal()
#7 D:\Xamp\htdocs\proyecto_ramos_jorge\system\CodeIgniter.php(499): CodeIgniter\CodeIgniter->runController(Object(App\Controllers\Home))
#8 D:\Xamp\htdocs\proyecto_ramos_jorge\system\CodeIgniter.php(368): CodeIgniter\CodeIgniter->handleRequest(NULL, Object(Config\Cache), false)
#9 D:\Xamp\htdocs\proyecto_ramos_jorge\index.php(67): CodeIgniter\CodeIgniter->run()
#10 {main}
CRITICAL - 2024-07-02 13:22:35 --> Unable to connect to the database.
Main connection [MySQLi]: No se puede establecer una conexión ya que el equipo de destino denegó expresamente dicha conexión.

in SYSTEMPATH\Database\BaseConnection.php on line 427.
 1 SYSTEMPATH\Database\BaseConnection.php(573): CodeIgniter\Database\BaseConnection->initialize()
 2 SYSTEMPATH\Database\BaseBuilder.php(1616): CodeIgniter\Database\BaseConnection->query('SELECT *
FROM `productos`
ORDER BY `id_producto` DESC
 LIMIT 3', [], false)
 3 SYSTEMPATH\Model.php(241): CodeIgniter\Database\BaseBuilder->get()
 4 SYSTEMPATH\BaseModel.php(618): CodeIgniter\Model->doFindAll(3, 0)
 5 APPPATH\Controllers\Home.php(13): CodeIgniter\BaseModel->findAll(3)
 6 SYSTEMPATH\CodeIgniter.php(934): App\Controllers\Home->Principal()
 7 SYSTEMPATH\CodeIgniter.php(499): CodeIgniter\CodeIgniter->runController(Object(App\Controllers\Home))
 8 SYSTEMPATH\CodeIgniter.php(368): CodeIgniter\CodeIgniter->handleRequest(null, Object(Config\Cache), false)
 9 FCPATH\index.php(67): CodeIgniter\CodeIgniter->run()
