CRITICAL - 2024-06-04 22:44:15 --> CodeIgniter\Autoloader\Autoloader::main(): Failed opening required 'db_connect.php' (include_path='C:\xampp\php\PEAR')
in APPPATH\Controllers\Usuario_controller.php on line 4.
 1 [internal function]: CodeIgniter\Debug\Exceptions->shutdownHandler()
CRITICAL - 2024-06-04 22:44:41 --> CodeIgniter\Autoloader\Autoloader::main(): Failed opening required 'db_connect.php' (include_path='C:\xampp\php\PEAR')
in APPPATH\Controllers\Usuario_controller.php on line 4.
 1 [internal function]: CodeIgniter\Debug\Exceptions->shutdownHandler()
CRITICAL - 2024-06-04 22:44:58 --> CodeIgniter\Autoloader\Autoloader::main(): Failed opening required 'db_connect.php' (include_path='C:\xampp\php\PEAR')
in APPPATH\Controllers\Usuario_controller.php on line 4.
 1 [internal function]: CodeIgniter\Debug\Exceptions->shutdownHandler()
CRITICAL - 2024-06-04 22:46:50 --> Call to a member function prepare() on null
in APPPATH\Controllers\Usuario_controller.php on line 81.
 1 SYSTEMPATH\CodeIgniter.php(934): App\Controllers\Usuario_controller->registrar()
 2 SYSTEMPATH\CodeIgniter.php(499): CodeIgniter\CodeIgniter->runController(Object(App\Controllers\Usuario_controller))
 3 SYSTEMPATH\CodeIgniter.php(368): CodeIgniter\CodeIgniter->handleRequest(null, Object(Config\Cache), false)
 4 FCPATH\index.php(67): CodeIgniter\CodeIgniter->run()
CRITICAL - 2024-06-04 22:47:13 --> Call to a member function prepare() on null
in APPPATH\Controllers\Usuario_controller.php on line 81.
 1 SYSTEMPATH\CodeIgniter.php(934): App\Controllers\Usuario_controller->registrar()
 2 SYSTEMPATH\CodeIgniter.php(499): CodeIgniter\CodeIgniter->runController(Object(App\Controllers\Usuario_controller))
 3 SYSTEMPATH\CodeIgniter.php(368): CodeIgniter\CodeIgniter->handleRequest(null, Object(Config\Cache), false)
 4 FCPATH\index.php(67): CodeIgniter\CodeIgniter->run()
ERROR - 2024-06-04 22:47:50 --> mysqli_sql_exception: Cannot add or update a child row: a foreign key constraint fails (`bd_ramos_jorge`.`usuarios`, CONSTRAINT `usuarios_ibfk_1` FOREIGN KEY (`perfil_id`) REFERENCES `perfiles` (`id_perfil`)) in C:\xampp\htdocs\proyecto_ramos_jorge\system\Database\MySQLi\Connection.php:295
Stack trace:
#0 C:\xampp\htdocs\proyecto_ramos_jorge\system\Database\MySQLi\Connection.php(295): mysqli->query('INSERT INTO `us...', 0)
#1 C:\xampp\htdocs\proyecto_ramos_jorge\system\Database\BaseConnection.php(691): CodeIgniter\Database\MySQLi\Connection->execute('INSERT INTO `us...')
#2 C:\xampp\htdocs\proyecto_ramos_jorge\system\Database\BaseConnection.php(605): CodeIgniter\Database\BaseConnection->simpleQuery('INSERT INTO `us...')
#3 C:\xampp\htdocs\proyecto_ramos_jorge\system\Database\BaseBuilder.php(2309): CodeIgniter\Database\BaseConnection->query('INSERT INTO `us...', Array, false)
#4 C:\xampp\htdocs\proyecto_ramos_jorge\system\Model.php(330): CodeIgniter\Database\BaseBuilder->insert()
#5 C:\xampp\htdocs\proyecto_ramos_jorge\system\BaseModel.php(782): CodeIgniter\Model->doInsert(Array)
#6 C:\xampp\htdocs\proyecto_ramos_jorge\system\Model.php(730): CodeIgniter\BaseModel->insert(Array, false)
#7 C:\xampp\htdocs\proyecto_ramos_jorge\system\BaseModel.php(692): CodeIgniter\Model->insert(Array, false)
#8 C:\xampp\htdocs\proyecto_ramos_jorge\app\Controllers\Usuario_controller.php(58): CodeIgniter\BaseModel->save(Array)
#9 C:\xampp\htdocs\proyecto_ramos_jorge\system\CodeIgniter.php(934): App\Controllers\Usuario_controller->formValidation()
#10 C:\xampp\htdocs\proyecto_ramos_jorge\system\CodeIgniter.php(499): CodeIgniter\CodeIgniter->runController(Object(App\Controllers\Usuario_controller))
#11 C:\xampp\htdocs\proyecto_ramos_jorge\system\CodeIgniter.php(368): CodeIgniter\CodeIgniter->handleRequest(NULL, Object(Config\Cache), false)
#12 C:\xampp\htdocs\proyecto_ramos_jorge\index.php(67): CodeIgniter\CodeIgniter->run()
#13 {main}
CRITICAL - 2024-06-04 22:47:50 --> Cannot add or update a child row: a foreign key constraint fails (`bd_ramos_jorge`.`usuarios`, CONSTRAINT `usuarios_ibfk_1` FOREIGN KEY (`perfil_id`) REFERENCES `perfiles` (`id_perfil`))
in SYSTEMPATH\Database\BaseConnection.php on line 645.
 1 SYSTEMPATH\Database\BaseBuilder.php(2309): CodeIgniter\Database\BaseConnection->query('INSERT INTO `usuarios` (`nombre`, `apellido`, `usuario`, `email`, `pass`) VALUES (:nombre:, :apellido:, :usuario:, :email:, :pass:)', [...], false)
 2 SYSTEMPATH\Model.php(330): CodeIgniter\Database\BaseBuilder->insert()
 3 SYSTEMPATH\BaseModel.php(782): CodeIgniter\Model->doInsert([...])
 4 SYSTEMPATH\Model.php(730): CodeIgniter\BaseModel->insert([...], false)
 5 SYSTEMPATH\BaseModel.php(692): CodeIgniter\Model->insert([...], false)
 6 APPPATH\Controllers\Usuario_controller.php(58): CodeIgniter\BaseModel->save([...])
 7 SYSTEMPATH\CodeIgniter.php(934): App\Controllers\Usuario_controller->formValidation()
 8 SYSTEMPATH\CodeIgniter.php(499): CodeIgniter\CodeIgniter->runController(Object(App\Controllers\Usuario_controller))
 9 SYSTEMPATH\CodeIgniter.php(368): CodeIgniter\CodeIgniter->handleRequest(null, Object(Config\Cache), false)
10 FCPATH\index.php(67): CodeIgniter\CodeIgniter->run()
