CRITICAL - 2024-06-22 17:23:37 --> syntax error, unexpected 'public' (T_PUBLIC)
in APPPATH\Controllers\Producto_controller.php on line 124.
 1 SYSTEMPATH\Autoloader\Autoloader.php(289): CodeIgniter\Autoloader\Autoloader->includeFile('APPPATH\\Controllers\\Producto_controller.php')
 2 SYSTEMPATH\Autoloader\Autoloader.php(267): CodeIgniter\Autoloader\Autoloader->loadInNamespace('App\\Controllers\\Producto_controller')
 3 [internal function]: CodeIgniter\Autoloader\Autoloader->loadClass('App\\Controllers\\Producto_controller')
 4 [internal function]: spl_autoload_call('App\\Controllers\\Producto_controller')
 5 SYSTEMPATH\CodeIgniter.php(892): class_exists('\\App\\Controllers\\Producto_controller', true)
 6 SYSTEMPATH\CodeIgniter.php(486): CodeIgniter\CodeIgniter->startController()
 7 SYSTEMPATH\CodeIgniter.php(368): CodeIgniter\CodeIgniter->handleRequest(null, Object(Config\Cache), false)
 8 FCPATH\index.php(67): CodeIgniter\CodeIgniter->run()
CRITICAL - 2024-06-22 17:35:54 --> There is no data to update.
in SYSTEMPATH\BaseModel.php on line 1680.
 1 SYSTEMPATH\BaseModel.php(1680): CodeIgniter\Database\Exceptions\DataException::forEmptyDataset('update')
 2 SYSTEMPATH\BaseModel.php(910): CodeIgniter\BaseModel->transformDataToArray(null, 'update')
 3 SYSTEMPATH\Model.php(756): CodeIgniter\BaseModel->update([...], null)
 4 APPPATH\Controllers\Producto_controller.php(128): CodeIgniter\Model->update('8')
 5 SYSTEMPATH\CodeIgniter.php(934): App\Controllers\Producto_controller->eliminar_producto('8')
 6 SYSTEMPATH\CodeIgniter.php(499): CodeIgniter\CodeIgniter->runController(Object(App\Controllers\Producto_controller))
 7 SYSTEMPATH\CodeIgniter.php(368): CodeIgniter\CodeIgniter->handleRequest(null, Object(Config\Cache), false)
 8 FCPATH\index.php(67): CodeIgniter\CodeIgniter->run()
CRITICAL - 2024-06-22 19:12:55 --> syntax error, unexpected '}'
in APPPATH\Views\proyecto\back\Gestion_productos.php on line 41.
 1 SYSTEMPATH\View\View.php(216): CodeIgniter\View\View->CodeIgniter\View\{closure}()
 2 SYSTEMPATH\Common.php(1184): CodeIgniter\View\View->render('proyecto/back/Gestion_productos', [], true)
 3 APPPATH\Controllers\Producto_controller.php(25): view('proyecto/back/Gestion_productos')
 4 SYSTEMPATH\CodeIgniter.php(934): App\Controllers\Producto_controller->listar_productos()
 5 SYSTEMPATH\CodeIgniter.php(499): CodeIgniter\CodeIgniter->runController(Object(App\Controllers\Producto_controller))
 6 SYSTEMPATH\CodeIgniter.php(368): CodeIgniter\CodeIgniter->handleRequest(null, Object(Config\Cache), false)
 7 FCPATH\index.php(67): CodeIgniter\CodeIgniter->run()
CRITICAL - 2024-06-22 19:13:06 --> Use of undefined constant table - assumed 'table' (this will throw an Error in a future version of PHP)
in APPPATH\Views\proyecto\back\Gestion_productos.php on line 40.
 1 APPPATH\Views\proyecto\back\Gestion_productos.php(40): CodeIgniter\Debug\Exceptions->errorHandler(2, 'Use of undefined constant table - assumed \'table\' (this will throw an Error in a future version of PHP)', 'APPPATH\\Views\\proyecto\\back\\Gestion_productos.php', 40, [...])
 2 SYSTEMPATH\View\View.php(213): include('APPPATH\\Views\\proyecto\\back\\Gestion_productos.php')
 3 SYSTEMPATH\View\View.php(216): CodeIgniter\View\View->CodeIgniter\View\{closure}()
 4 SYSTEMPATH\Common.php(1184): CodeIgniter\View\View->render('proyecto/back/Gestion_productos', [], true)
 5 APPPATH\Controllers\Producto_controller.php(25): view('proyecto/back/Gestion_productos')
 6 SYSTEMPATH\CodeIgniter.php(934): App\Controllers\Producto_controller->listar_productos()
 7 SYSTEMPATH\CodeIgniter.php(499): CodeIgniter\CodeIgniter->runController(Object(App\Controllers\Producto_controller))
 8 SYSTEMPATH\CodeIgniter.php(368): CodeIgniter\CodeIgniter->handleRequest(null, Object(Config\Cache), false)
 9 FCPATH\index.php(67): CodeIgniter\CodeIgniter->run()
CRITICAL - 2024-06-22 19:14:31 --> syntax error, unexpected '}'
in APPPATH\Views\proyecto\back\Gestion_productos.php on line 41.
 1 SYSTEMPATH\View\View.php(216): CodeIgniter\View\View->CodeIgniter\View\{closure}()
 2 SYSTEMPATH\Common.php(1184): CodeIgniter\View\View->render('proyecto/back/Gestion_productos', [], true)
 3 APPPATH\Controllers\Producto_controller.php(25): view('proyecto/back/Gestion_productos')
 4 SYSTEMPATH\CodeIgniter.php(934): App\Controllers\Producto_controller->listar_productos()
 5 SYSTEMPATH\CodeIgniter.php(499): CodeIgniter\CodeIgniter->runController(Object(App\Controllers\Producto_controller))
 6 SYSTEMPATH\CodeIgniter.php(368): CodeIgniter\CodeIgniter->handleRequest(null, Object(Config\Cache), false)
 7 FCPATH\index.php(67): CodeIgniter\CodeIgniter->run()
