CRITICAL - 2024-09-09 03:37:17 --> Call to a member function setPath() on null
in APPPATH\Controllers\Categoria_controller.php on line 30.
 1 SYSTEMPATH\CodeIgniter.php(934): App\Controllers\Categoria_controller->gestion_categorias()
 2 SYSTEMPATH\CodeIgniter.php(499): CodeIgniter\CodeIgniter->runController(Object(App\Controllers\Categoria_controller))
 3 SYSTEMPATH\CodeIgniter.php(368): CodeIgniter\CodeIgniter->handleRequest(null, Object(Config\Cache), false)
 4 FCPATH\index.php(67): CodeIgniter\CodeIgniter->run()
CRITICAL - 2024-09-09 03:39:32 --> "bootstrap_pagination" is not a valid Pager template.
in SYSTEMPATH\Pager\Pager.php on line 120.
 1 SYSTEMPATH\Pager\Pager.php(120): CodeIgniter\Pager\Exceptions\PagerException::forInvalidTemplate('bootstrap_pagination')
 2 SYSTEMPATH\Pager\Pager.php(83): CodeIgniter\Pager\Pager->displayLinks('categorias', 'bootstrap_pagination')
 3 APPPATH\Views\proyecto\back\Gestion_categorias.php(89): CodeIgniter\Pager\Pager->links('categorias', 'bootstrap_pagination')
 4 SYSTEMPATH\View\View.php(213): include('APPPATH\\Views\\proyecto\\back\\Gestion_categorias.php')
 5 SYSTEMPATH\View\View.php(216): CodeIgniter\View\View->CodeIgniter\View\{closure}()
 6 SYSTEMPATH\Common.php(1184): CodeIgniter\View\View->render('proyecto/back/Gestion_categorias', [], true)
 7 APPPATH\Controllers\Categoria_controller.php(42): view('proyecto/back/Gestion_categorias', [...])
 8 SYSTEMPATH\CodeIgniter.php(934): App\Controllers\Categoria_controller->gestion_categorias()
 9 SYSTEMPATH\CodeIgniter.php(499): CodeIgniter\CodeIgniter->runController(Object(App\Controllers\Categoria_controller))
10 SYSTEMPATH\CodeIgniter.php(368): CodeIgniter\CodeIgniter->handleRequest(null, Object(Config\Cache), false)
11 FCPATH\index.php(67): CodeIgniter\CodeIgniter->run()
CRITICAL - 2024-09-09 03:42:12 --> Invalid file: "proyecto/back/Editar_categoria.php"
in SYSTEMPATH\Exceptions\FrameworkException.php on line 33.
 1 SYSTEMPATH\View\View.php(201): CodeIgniter\Exceptions\FrameworkException::forInvalidFile('proyecto/back/Editar_categoria.php')
 2 SYSTEMPATH\Common.php(1184): CodeIgniter\View\View->render('proyecto/back/Editar_categoria', [], true)
 3 APPPATH\Controllers\Categoria_controller.php(92): view('proyecto/back/Editar_categoria')
 4 SYSTEMPATH\CodeIgniter.php(934): App\Controllers\Categoria_controller->editar_categoria('1')
 5 SYSTEMPATH\CodeIgniter.php(499): CodeIgniter\CodeIgniter->runController(Object(App\Controllers\Categoria_controller))
 6 SYSTEMPATH\CodeIgniter.php(368): CodeIgniter\CodeIgniter->handleRequest(null, Object(Config\Cache), false)
 7 FCPATH\index.php(67): CodeIgniter\CodeIgniter->run()
CRITICAL - 2024-09-09 04:10:17 --> Invalid file: "CodeIgniter\Pager\Views\bootstrap5_full.php"
in SYSTEMPATH\Exceptions\FrameworkException.php on line 33.
 1 SYSTEMPATH\View\View.php(201): CodeIgniter\Exceptions\FrameworkException::forInvalidFile('CodeIgniter\\Pager\\Views\\bootstrap5_full.php')
 2 SYSTEMPATH\Pager\Pager.php(126): CodeIgniter\View\View->render('CodeIgniter\\Pager\\Views\\bootstrap5_full', null, false)
 3 SYSTEMPATH\Pager\Pager.php(83): CodeIgniter\Pager\Pager->displayLinks('consultas', 'bootstrap5_full')
 4 APPPATH\Views\proyecto\back\Gestion_consultas.php(54): CodeIgniter\Pager\Pager->links('consultas', 'bootstrap5_full')
 5 SYSTEMPATH\View\View.php(213): include('APPPATH\\Views\\proyecto\\back\\Gestion_consultas.php')
 6 SYSTEMPATH\View\View.php(216): CodeIgniter\View\View->CodeIgniter\View\{closure}()
 7 SYSTEMPATH\Common.php(1184): CodeIgniter\View\View->render('proyecto/back/Gestion_consultas', [], true)
 8 APPPATH\Controllers\Contacto_controller.php(126): view('proyecto/back/Gestion_consultas', [...])
 9 SYSTEMPATH\CodeIgniter.php(934): App\Controllers\Contacto_controller->listar_consultas()
10 SYSTEMPATH\CodeIgniter.php(499): CodeIgniter\CodeIgniter->runController(Object(App\Controllers\Contacto_controller))
11 SYSTEMPATH\CodeIgniter.php(368): CodeIgniter\CodeIgniter->handleRequest(null, Object(Config\Cache), false)
12 FCPATH\index.php(67): CodeIgniter\CodeIgniter->run()
CRITICAL - 2024-09-09 04:10:21 --> Invalid file: "CodeIgniter\Pager\Views\bootstrap5_full.php"
in SYSTEMPATH\Exceptions\FrameworkException.php on line 33.
 1 SYSTEMPATH\View\View.php(201): CodeIgniter\Exceptions\FrameworkException::forInvalidFile('CodeIgniter\\Pager\\Views\\bootstrap5_full.php')
 2 SYSTEMPATH\Pager\Pager.php(126): CodeIgniter\View\View->render('CodeIgniter\\Pager\\Views\\bootstrap5_full', null, false)
 3 SYSTEMPATH\Pager\Pager.php(83): CodeIgniter\Pager\Pager->displayLinks('consultas', 'bootstrap5_full')
 4 APPPATH\Views\proyecto\back\Gestion_consultas.php(54): CodeIgniter\Pager\Pager->links('consultas', 'bootstrap5_full')
 5 SYSTEMPATH\View\View.php(213): include('APPPATH\\Views\\proyecto\\back\\Gestion_consultas.php')
 6 SYSTEMPATH\View\View.php(216): CodeIgniter\View\View->CodeIgniter\View\{closure}()
 7 SYSTEMPATH\Common.php(1184): CodeIgniter\View\View->render('proyecto/back/Gestion_consultas', [], true)
 8 APPPATH\Controllers\Contacto_controller.php(126): view('proyecto/back/Gestion_consultas', [...])
 9 SYSTEMPATH\CodeIgniter.php(934): App\Controllers\Contacto_controller->listar_consultas()
10 SYSTEMPATH\CodeIgniter.php(499): CodeIgniter\CodeIgniter->runController(Object(App\Controllers\Contacto_controller))
11 SYSTEMPATH\CodeIgniter.php(368): CodeIgniter\CodeIgniter->handleRequest(null, Object(Config\Cache), false)
12 FCPATH\index.php(67): CodeIgniter\CodeIgniter->run()
CRITICAL - 2024-09-09 04:10:22 --> Invalid file: "CodeIgniter\Pager\Views\bootstrap5_full.php"
in SYSTEMPATH\Exceptions\FrameworkException.php on line 33.
 1 SYSTEMPATH\View\View.php(201): CodeIgniter\Exceptions\FrameworkException::forInvalidFile('CodeIgniter\\Pager\\Views\\bootstrap5_full.php')
 2 SYSTEMPATH\Pager\Pager.php(126): CodeIgniter\View\View->render('CodeIgniter\\Pager\\Views\\bootstrap5_full', null, false)
 3 SYSTEMPATH\Pager\Pager.php(83): CodeIgniter\Pager\Pager->displayLinks('ventas', 'bootstrap5_full')
 4 APPPATH\Views\proyecto\back\Ventas.php(81): CodeIgniter\Pager\Pager->links('ventas', 'bootstrap5_full')
 5 SYSTEMPATH\View\View.php(213): include('APPPATH\\Views\\proyecto\\back\\Ventas.php')
 6 SYSTEMPATH\View\View.php(216): CodeIgniter\View\View->CodeIgniter\View\{closure}()
 7 SYSTEMPATH\Common.php(1184): CodeIgniter\View\View->render('proyecto/back/Ventas', [], true)
 8 APPPATH\Controllers\Ventas_controller.php(140): view('proyecto/back/Ventas', [...])
 9 SYSTEMPATH\CodeIgniter.php(934): App\Controllers\Ventas_controller->gestion_ventas()
10 SYSTEMPATH\CodeIgniter.php(499): CodeIgniter\CodeIgniter->runController(Object(App\Controllers\Ventas_controller))
11 SYSTEMPATH\CodeIgniter.php(368): CodeIgniter\CodeIgniter->handleRequest(null, Object(Config\Cache), false)
12 FCPATH\index.php(67): CodeIgniter\CodeIgniter->run()
CRITICAL - 2024-09-09 04:10:23 --> Invalid file: "CodeIgniter\Pager\Views\bootstrap5_full.php"
in SYSTEMPATH\Exceptions\FrameworkException.php on line 33.
 1 SYSTEMPATH\View\View.php(201): CodeIgniter\Exceptions\FrameworkException::forInvalidFile('CodeIgniter\\Pager\\Views\\bootstrap5_full.php')
 2 SYSTEMPATH\Pager\Pager.php(126): CodeIgniter\View\View->render('CodeIgniter\\Pager\\Views\\bootstrap5_full', null, false)
 3 SYSTEMPATH\Pager\Pager.php(83): CodeIgniter\Pager\Pager->displayLinks('consultas', 'bootstrap5_full')
 4 APPPATH\Views\proyecto\back\Gestion_consultas.php(54): CodeIgniter\Pager\Pager->links('consultas', 'bootstrap5_full')
 5 SYSTEMPATH\View\View.php(213): include('APPPATH\\Views\\proyecto\\back\\Gestion_consultas.php')
 6 SYSTEMPATH\View\View.php(216): CodeIgniter\View\View->CodeIgniter\View\{closure}()
 7 SYSTEMPATH\Common.php(1184): CodeIgniter\View\View->render('proyecto/back/Gestion_consultas', [], true)
 8 APPPATH\Controllers\Contacto_controller.php(126): view('proyecto/back/Gestion_consultas', [...])
 9 SYSTEMPATH\CodeIgniter.php(934): App\Controllers\Contacto_controller->listar_consultas()
10 SYSTEMPATH\CodeIgniter.php(499): CodeIgniter\CodeIgniter->runController(Object(App\Controllers\Contacto_controller))
11 SYSTEMPATH\CodeIgniter.php(368): CodeIgniter\CodeIgniter->handleRequest(null, Object(Config\Cache), false)
12 FCPATH\index.php(67): CodeIgniter\CodeIgniter->run()
CRITICAL - 2024-09-09 04:10:23 --> Invalid file: "CodeIgniter\Pager\Views\bootstrap5_full.php"
in SYSTEMPATH\Exceptions\FrameworkException.php on line 33.
 1 SYSTEMPATH\View\View.php(201): CodeIgniter\Exceptions\FrameworkException::forInvalidFile('CodeIgniter\\Pager\\Views\\bootstrap5_full.php')
 2 SYSTEMPATH\Pager\Pager.php(126): CodeIgniter\View\View->render('CodeIgniter\\Pager\\Views\\bootstrap5_full', null, false)
 3 SYSTEMPATH\Pager\Pager.php(83): CodeIgniter\Pager\Pager->displayLinks('consultas', 'bootstrap5_full')
 4 APPPATH\Views\proyecto\back\Gestion_consultas.php(54): CodeIgniter\Pager\Pager->links('consultas', 'bootstrap5_full')
 5 SYSTEMPATH\View\View.php(213): include('APPPATH\\Views\\proyecto\\back\\Gestion_consultas.php')
 6 SYSTEMPATH\View\View.php(216): CodeIgniter\View\View->CodeIgniter\View\{closure}()
 7 SYSTEMPATH\Common.php(1184): CodeIgniter\View\View->render('proyecto/back/Gestion_consultas', [], true)
 8 APPPATH\Controllers\Contacto_controller.php(126): view('proyecto/back/Gestion_consultas', [...])
 9 SYSTEMPATH\CodeIgniter.php(934): App\Controllers\Contacto_controller->listar_consultas()
10 SYSTEMPATH\CodeIgniter.php(499): CodeIgniter\CodeIgniter->runController(Object(App\Controllers\Contacto_controller))
11 SYSTEMPATH\CodeIgniter.php(368): CodeIgniter\CodeIgniter->handleRequest(null, Object(Config\Cache), false)
12 FCPATH\index.php(67): CodeIgniter\CodeIgniter->run()
