CRITICAL - 2024-05-22 22:39:20 --> Invalid file: "front/Encabezado.php"
in SYSTEMPATH\Exceptions\FrameworkException.php on line 33.
 1 SYSTEMPATH\View\View.php(201): CodeIgniter\Exceptions\FrameworkException::forInvalidFile('front/Encabezado.php')
 2 SYSTEMPATH\Common.php(1184): CodeIgniter\View\View->render('front/Encabezado', [], true)
 3 APPPATH\Controllers\usuario_controller.php(15): view('front/Encabezado', [...])
 4 SYSTEMPATH\CodeIgniter.php(934): App\Controllers\usuario_controller->create()
 5 SYSTEMPATH\CodeIgniter.php(499): CodeIgniter\CodeIgniter->runController(Object(App\Controllers\usuario_controller))
 6 SYSTEMPATH\CodeIgniter.php(368): CodeIgniter\CodeIgniter->handleRequest(null, Object(Config\Cache), false)
 7 FCPATH\index.php(67): CodeIgniter\CodeIgniter->run()
CRITICAL - 2024-05-22 22:45:58 --> Invalid file: "front/Encabezado.php"
in SYSTEMPATH\Exceptions\FrameworkException.php on line 33.
 1 SYSTEMPATH\View\View.php(201): CodeIgniter\Exceptions\FrameworkException::forInvalidFile('front/Encabezado.php')
 2 SYSTEMPATH\Common.php(1184): CodeIgniter\View\View->render('front/Encabezado', [], true)
 3 APPPATH\Controllers\usuario_controller.php(15): view('front/Encabezado', [...])
 4 SYSTEMPATH\CodeIgniter.php(934): App\Controllers\usuario_controller->create()
 5 SYSTEMPATH\CodeIgniter.php(499): CodeIgniter\CodeIgniter->runController(Object(App\Controllers\usuario_controller))
 6 SYSTEMPATH\CodeIgniter.php(368): CodeIgniter\CodeIgniter->handleRequest(null, Object(Config\Cache), false)
 7 FCPATH\index.php(67): CodeIgniter\CodeIgniter->run()
CRITICAL - 2024-05-22 23:55:12 --> Invalid file: "front/Encabezado.php"
in SYSTEMPATH\Exceptions\FrameworkException.php on line 33.
 1 SYSTEMPATH\View\View.php(201): CodeIgniter\Exceptions\FrameworkException::forInvalidFile('front/Encabezado.php')
 2 SYSTEMPATH\Common.php(1184): CodeIgniter\View\View->render('front/Encabezado', [], true)
 3 APPPATH\Controllers\Login_controller.php(13): view('front/Encabezado', [...])
 4 SYSTEMPATH\CodeIgniter.php(934): App\Controllers\login_controller->index()
 5 SYSTEMPATH\CodeIgniter.php(499): CodeIgniter\CodeIgniter->runController(Object(App\Controllers\login_controller))
 6 SYSTEMPATH\CodeIgniter.php(368): CodeIgniter\CodeIgniter->handleRequest(null, Object(Config\Cache), false)
 7 FCPATH\index.php(67): CodeIgniter\CodeIgniter->run()
CRITICAL - 2024-05-22 23:58:39 --> Invalid file: "front/Encabezado.php"
in SYSTEMPATH\Exceptions\FrameworkException.php on line 33.
 1 SYSTEMPATH\View\View.php(201): CodeIgniter\Exceptions\FrameworkException::forInvalidFile('front/Encabezado.php')
 2 SYSTEMPATH\Common.php(1184): CodeIgniter\View\View->render('front/Encabezado', [], true)
 3 APPPATH\Controllers\Login_controller.php(13): view('front/Encabezado', [...])
 4 SYSTEMPATH\CodeIgniter.php(934): App\Controllers\login_controller->index()
 5 SYSTEMPATH\CodeIgniter.php(499): CodeIgniter\CodeIgniter->runController(Object(App\Controllers\login_controller))
 6 SYSTEMPATH\CodeIgniter.php(368): CodeIgniter\CodeIgniter->handleRequest(null, Object(Config\Cache), false)
 7 FCPATH\index.php(67): CodeIgniter\CodeIgniter->run()
CRITICAL - 2024-05-22 23:59:58 --> Invalid file: "front/Encabezado.php"
in SYSTEMPATH\Exceptions\FrameworkException.php on line 33.
 1 SYSTEMPATH\View\View.php(201): CodeIgniter\Exceptions\FrameworkException::forInvalidFile('front/Encabezado.php')
 2 SYSTEMPATH\Common.php(1184): CodeIgniter\View\View->render('front/Encabezado', [], true)
 3 APPPATH\Controllers\Login_controller.php(13): view('front/Encabezado')
 4 SYSTEMPATH\CodeIgniter.php(934): App\Controllers\login_controller->index()
 5 SYSTEMPATH\CodeIgniter.php(499): CodeIgniter\CodeIgniter->runController(Object(App\Controllers\login_controller))
 6 SYSTEMPATH\CodeIgniter.php(368): CodeIgniter\CodeIgniter->handleRequest(null, Object(Config\Cache), false)
 7 FCPATH\index.php(67): CodeIgniter\CodeIgniter->run()
