ERROR - 2024-09-10 02:29:22 --> Error connecting to the database: mysqli_sql_exception: No se puede establecer una conexión ya que el equipo de destino denegó expresamente dicha conexión.
 in D:\Xamp\htdocs\proyecto_ramos_jorge\system\Database\MySQLi\Connection.php:174
Stack trace:
#0 D:\Xamp\htdocs\proyecto_ramos_jorge\system\Database\MySQLi\Connection.php(174): mysqli->real_connect('localhost', 'root', '', 'db_ramos_jorge', 3306, '', 0)
#1 D:\Xamp\htdocs\proyecto_ramos_jorge\system\Database\BaseConnection.php(391): CodeIgniter\Database\MySQLi\Connection->connect(false)
#2 D:\Xamp\htdocs\proyecto_ramos_jorge\system\Database\BaseConnection.php(573): CodeIgniter\Database\BaseConnection->initialize()
#3 D:\Xamp\htdocs\proyecto_ramos_jorge\system\Database\BaseBuilder.php(1616): CodeIgniter\Database\BaseConnection->query('SELECT *\nFROM `...', Array, false)
#4 D:\Xamp\htdocs\proyecto_ramos_jorge\system\Model.php(268): CodeIgniter\Database\BaseBuilder->get()
#5 D:\Xamp\htdocs\proyecto_ramos_jorge\system\BaseModel.php(656): CodeIgniter\Model->doFirst()
#6 D:\Xamp\htdocs\proyecto_ramos_jorge\app\Controllers\Usuario_controller.php(144): CodeIgniter\BaseModel->first()
#7 D:\Xamp\htdocs\proyecto_ramos_jorge\system\CodeIgniter.php(934): App\Controllers\Usuario_controller->auth()
#8 D:\Xamp\htdocs\proyecto_ramos_jorge\system\CodeIgniter.php(499): CodeIgniter\CodeIgniter->runController(Object(App\Controllers\Usuario_controller))
#9 D:\Xamp\htdocs\proyecto_ramos_jorge\system\CodeIgniter.php(368): CodeIgniter\CodeIgniter->handleRequest(NULL, Object(Config\Cache), false)
#10 D:\Xamp\htdocs\proyecto_ramos_jorge\index.php(67): CodeIgniter\CodeIgniter->run()
#11 {main}

Next CodeIgniter\Database\Exceptions\DatabaseException: No se puede establecer una conexión ya que el equipo de destino denegó expresamente dicha conexión.
 in D:\Xamp\htdocs\proyecto_ramos_jorge\system\Database\MySQLi\Connection.php:218
Stack trace:
#0 D:\Xamp\htdocs\proyecto_ramos_jorge\system\Database\BaseConnection.php(391): CodeIgniter\Database\MySQLi\Connection->connect(false)
#1 D:\Xamp\htdocs\proyecto_ramos_jorge\system\Database\BaseConnection.php(573): CodeIgniter\Database\BaseConnection->initialize()
#2 D:\Xamp\htdocs\proyecto_ramos_jorge\system\Database\BaseBuilder.php(1616): CodeIgniter\Database\BaseConnection->query('SELECT *\nFROM `...', Array, false)
#3 D:\Xamp\htdocs\proyecto_ramos_jorge\system\Model.php(268): CodeIgniter\Database\BaseBuilder->get()
#4 D:\Xamp\htdocs\proyecto_ramos_jorge\system\BaseModel.php(656): CodeIgniter\Model->doFirst()
#5 D:\Xamp\htdocs\proyecto_ramos_jorge\app\Controllers\Usuario_controller.php(144): CodeIgniter\BaseModel->first()
#6 D:\Xamp\htdocs\proyecto_ramos_jorge\system\CodeIgniter.php(934): App\Controllers\Usuario_controller->auth()
#7 D:\Xamp\htdocs\proyecto_ramos_jorge\system\CodeIgniter.php(499): CodeIgniter\CodeIgniter->runController(Object(App\Controllers\Usuario_controller))
#8 D:\Xamp\htdocs\proyecto_ramos_jorge\system\CodeIgniter.php(368): CodeIgniter\CodeIgniter->handleRequest(NULL, Object(Config\Cache), false)
#9 D:\Xamp\htdocs\proyecto_ramos_jorge\index.php(67): CodeIgniter\CodeIgniter->run()
#10 {main}
CRITICAL - 2024-09-10 02:29:22 --> Unable to connect to the database.
Main connection [MySQLi]: No se puede establecer una conexión ya que el equipo de destino denegó expresamente dicha conexión.

in SYSTEMPATH\Database\BaseConnection.php on line 427.
 1 SYSTEMPATH\Database\BaseConnection.php(573): CodeIgniter\Database\BaseConnection->initialize()
 2 SYSTEMPATH\Database\BaseBuilder.php(1616): CodeIgniter\Database\BaseConnection->query('SELECT *
FROM `usuarios`
WHERE `usuario` = :usuario:
 LIMIT 1', [...], false)
 3 SYSTEMPATH\Model.php(268): CodeIgniter\Database\BaseBuilder->get()
 4 SYSTEMPATH\BaseModel.php(656): CodeIgniter\Model->doFirst()
 5 APPPATH\Controllers\Usuario_controller.php(144): CodeIgniter\BaseModel->first()
 6 SYSTEMPATH\CodeIgniter.php(934): App\Controllers\Usuario_controller->auth()
 7 SYSTEMPATH\CodeIgniter.php(499): CodeIgniter\CodeIgniter->runController(Object(App\Controllers\Usuario_controller))
 8 SYSTEMPATH\CodeIgniter.php(368): CodeIgniter\CodeIgniter->handleRequest(null, Object(Config\Cache), false)
 9 FCPATH\index.php(67): CodeIgniter\CodeIgniter->run()
CRITICAL - 2024-09-10 02:44:37 --> "required_if" is not a valid rule.
in SYSTEMPATH\Validation\Validation.php on line 320.
 1 SYSTEMPATH\Validation\Validation.php(320): CodeIgniter\Validation\Exceptions\ValidationException::forRuleNotFound('required_if')
 2 SYSTEMPATH\Validation\Validation.php(170): CodeIgniter\Validation\Validation->processRules('address', 'address', null, [...], [...])
 3 APPPATH\Controllers\Ventas_controller.php(42): CodeIgniter\Validation\Validation->run()
 4 SYSTEMPATH\CodeIgniter.php(934): App\Controllers\Ventas_controller->registrar_venta()
 5 SYSTEMPATH\CodeIgniter.php(499): CodeIgniter\CodeIgniter->runController(Object(App\Controllers\Ventas_controller))
 6 SYSTEMPATH\CodeIgniter.php(368): CodeIgniter\CodeIgniter->handleRequest(null, Object(Config\Cache), false)
 7 FCPATH\index.php(67): CodeIgniter\CodeIgniter->run()
CRITICAL - 2024-09-10 02:46:34 --> "required_if" is not a valid rule.
in SYSTEMPATH\Validation\Validation.php on line 320.
 1 SYSTEMPATH\Validation\Validation.php(320): CodeIgniter\Validation\Exceptions\ValidationException::forRuleNotFound('required_if')
 2 SYSTEMPATH\Validation\Validation.php(170): CodeIgniter\Validation\Validation->processRules('address', 'address', null, [...], [...])
 3 APPPATH\Controllers\Ventas_controller.php(42): CodeIgniter\Validation\Validation->run()
 4 SYSTEMPATH\CodeIgniter.php(934): App\Controllers\Ventas_controller->registrar_venta()
 5 SYSTEMPATH\CodeIgniter.php(499): CodeIgniter\CodeIgniter->runController(Object(App\Controllers\Ventas_controller))
 6 SYSTEMPATH\CodeIgniter.php(368): CodeIgniter\CodeIgniter->handleRequest(null, Object(Config\Cache), false)
 7 FCPATH\index.php(67): CodeIgniter\CodeIgniter->run()
CRITICAL - 2024-09-10 02:53:58 --> Invalid file: "proyecto/back/Catalogo_productos.php"
in SYSTEMPATH\Exceptions\FrameworkException.php on line 33.
 1 SYSTEMPATH\View\View.php(201): CodeIgniter\Exceptions\FrameworkException::forInvalidFile('proyecto/back/Catalogo_productos.php')
 2 SYSTEMPATH\Common.php(1184): CodeIgniter\View\View->render('proyecto/back/Catalogo_productos', [], true)
 3 APPPATH\Controllers\Ventas_controller.php(87): view('proyecto/back/Catalogo_productos', [...])
 4 SYSTEMPATH\CodeIgniter.php(934): App\Controllers\Ventas_controller->registrar_venta()
 5 SYSTEMPATH\CodeIgniter.php(499): CodeIgniter\CodeIgniter->runController(Object(App\Controllers\Ventas_controller))
 6 SYSTEMPATH\CodeIgniter.php(368): CodeIgniter\CodeIgniter->handleRequest(null, Object(Config\Cache), false)
 7 FCPATH\index.php(67): CodeIgniter\CodeIgniter->run()
CRITICAL - 2024-09-10 02:54:35 --> Invalid argument supplied for foreach()
in APPPATH\Views\proyecto\front\Catalogo_productos.php on line 41.
 1 APPPATH\Views\proyecto\front\Catalogo_productos.php(41): CodeIgniter\Debug\Exceptions->errorHandler(2, 'Invalid argument supplied for foreach()', 'APPPATH\\Views\\proyecto\\front\\Catalogo_productos.php', 41, [...])
 2 SYSTEMPATH\View\View.php(213): include('APPPATH\\Views\\proyecto\\front\\Catalogo_productos.php')
 3 SYSTEMPATH\View\View.php(216): CodeIgniter\View\View->CodeIgniter\View\{closure}()
 4 SYSTEMPATH\Common.php(1184): CodeIgniter\View\View->render('proyecto/front/Catalogo_productos', [], true)
 5 APPPATH\Controllers\Ventas_controller.php(87): view('proyecto/front/Catalogo_productos', [...])
 6 SYSTEMPATH\CodeIgniter.php(934): App\Controllers\Ventas_controller->registrar_venta()
 7 SYSTEMPATH\CodeIgniter.php(499): CodeIgniter\CodeIgniter->runController(Object(App\Controllers\Ventas_controller))
 8 SYSTEMPATH\CodeIgniter.php(368): CodeIgniter\CodeIgniter->handleRequest(null, Object(Config\Cache), false)
 9 FCPATH\index.php(67): CodeIgniter\CodeIgniter->run()
CRITICAL - 2024-09-10 03:17:55 --> "required_if" is not a valid rule.
in SYSTEMPATH\Validation\Validation.php on line 320.
 1 SYSTEMPATH\Validation\Validation.php(320): CodeIgniter\Validation\Exceptions\ValidationException::forRuleNotFound('required_if')
 2 SYSTEMPATH\Validation\Validation.php(170): CodeIgniter\Validation\Validation->processRules('address', 'address', null, [...], [...])
 3 APPPATH\Controllers\Ventas_controller.php(42): CodeIgniter\Validation\Validation->run()
 4 SYSTEMPATH\CodeIgniter.php(934): App\Controllers\Ventas_controller->registrar_venta()
 5 SYSTEMPATH\CodeIgniter.php(499): CodeIgniter\CodeIgniter->runController(Object(App\Controllers\Ventas_controller))
 6 SYSTEMPATH\CodeIgniter.php(368): CodeIgniter\CodeIgniter->handleRequest(null, Object(Config\Cache), false)
 7 FCPATH\index.php(67): CodeIgniter\CodeIgniter->run()
CRITICAL - 2024-09-10 03:32:36 --> "required_if" is not a valid rule.
in SYSTEMPATH\Validation\Validation.php on line 320.
 1 SYSTEMPATH\Validation\Validation.php(320): CodeIgniter\Validation\Exceptions\ValidationException::forRuleNotFound('required_if')
 2 SYSTEMPATH\Validation\Validation.php(170): CodeIgniter\Validation\Validation->processRules('address', 'address', null, [...], [...])
 3 APPPATH\Controllers\Ventas_controller.php(42): CodeIgniter\Validation\Validation->run()
 4 SYSTEMPATH\CodeIgniter.php(934): App\Controllers\Ventas_controller->registrar_venta()
 5 SYSTEMPATH\CodeIgniter.php(499): CodeIgniter\CodeIgniter->runController(Object(App\Controllers\Ventas_controller))
 6 SYSTEMPATH\CodeIgniter.php(368): CodeIgniter\CodeIgniter->handleRequest(null, Object(Config\Cache), false)
 7 FCPATH\index.php(67): CodeIgniter\CodeIgniter->run()
CRITICAL - 2024-09-10 03:32:53 --> "required_if" is not a valid rule.
in SYSTEMPATH\Validation\Validation.php on line 320.
 1 SYSTEMPATH\Validation\Validation.php(320): CodeIgniter\Validation\Exceptions\ValidationException::forRuleNotFound('required_if')
 2 SYSTEMPATH\Validation\Validation.php(170): CodeIgniter\Validation\Validation->processRules('address', 'address', null, [...], [...])
 3 APPPATH\Controllers\Ventas_controller.php(42): CodeIgniter\Validation\Validation->run()
 4 SYSTEMPATH\CodeIgniter.php(934): App\Controllers\Ventas_controller->registrar_venta()
 5 SYSTEMPATH\CodeIgniter.php(499): CodeIgniter\CodeIgniter->runController(Object(App\Controllers\Ventas_controller))
 6 SYSTEMPATH\CodeIgniter.php(368): CodeIgniter\CodeIgniter->handleRequest(null, Object(Config\Cache), false)
 7 FCPATH\index.php(67): CodeIgniter\CodeIgniter->run()
CRITICAL - 2024-09-10 05:02:19 --> Invalid argument supplied for foreach()
in APPPATH\Views\proyecto\back\Gestion_productos.php on line 69.
 1 APPPATH\Views\proyecto\back\Gestion_productos.php(69): CodeIgniter\Debug\Exceptions->errorHandler(2, 'Invalid argument supplied for foreach()', 'APPPATH\\Views\\proyecto\\back\\Gestion_productos.php', 69, [...])
 2 SYSTEMPATH\View\View.php(213): include('APPPATH\\Views\\proyecto\\back\\Gestion_productos.php')
 3 SYSTEMPATH\View\View.php(216): CodeIgniter\View\View->CodeIgniter\View\{closure}()
 4 SYSTEMPATH\Common.php(1184): CodeIgniter\View\View->render('proyecto/back/Gestion_productos', [], true)
 5 APPPATH\Controllers\Producto_controller.php(88): view('proyecto/back/Gestion_productos', [...])
 6 SYSTEMPATH\CodeIgniter.php(934): App\Controllers\Producto_controller->gestion_productos()
 7 SYSTEMPATH\CodeIgniter.php(499): CodeIgniter\CodeIgniter->runController(Object(App\Controllers\Producto_controller))
 8 SYSTEMPATH\CodeIgniter.php(368): CodeIgniter\CodeIgniter->handleRequest(null, Object(Config\Cache), false)
 9 FCPATH\index.php(67): CodeIgniter\CodeIgniter->run()
CRITICAL - 2024-09-10 05:02:25 --> Invalid argument supplied for foreach()
in APPPATH\Views\proyecto\back\Gestion_productos.php on line 69.
 1 APPPATH\Views\proyecto\back\Gestion_productos.php(69): CodeIgniter\Debug\Exceptions->errorHandler(2, 'Invalid argument supplied for foreach()', 'APPPATH\\Views\\proyecto\\back\\Gestion_productos.php', 69, [...])
 2 SYSTEMPATH\View\View.php(213): include('APPPATH\\Views\\proyecto\\back\\Gestion_productos.php')
 3 SYSTEMPATH\View\View.php(216): CodeIgniter\View\View->CodeIgniter\View\{closure}()
 4 SYSTEMPATH\Common.php(1184): CodeIgniter\View\View->render('proyecto/back/Gestion_productos', [], true)
 5 APPPATH\Controllers\Producto_controller.php(88): view('proyecto/back/Gestion_productos', [...])
 6 SYSTEMPATH\CodeIgniter.php(934): App\Controllers\Producto_controller->gestion_productos()
 7 SYSTEMPATH\CodeIgniter.php(499): CodeIgniter\CodeIgniter->runController(Object(App\Controllers\Producto_controller))
 8 SYSTEMPATH\CodeIgniter.php(368): CodeIgniter\CodeIgniter->handleRequest(null, Object(Config\Cache), false)
 9 FCPATH\index.php(67): CodeIgniter\CodeIgniter->run()
CRITICAL - 2024-09-10 05:11:45 --> Invalid argument supplied for foreach()
in APPPATH\Views\proyecto\back\Gestion_productos.php on line 69.
 1 APPPATH\Views\proyecto\back\Gestion_productos.php(69): CodeIgniter\Debug\Exceptions->errorHandler(2, 'Invalid argument supplied for foreach()', 'APPPATH\\Views\\proyecto\\back\\Gestion_productos.php', 69, [...])
 2 SYSTEMPATH\View\View.php(213): include('APPPATH\\Views\\proyecto\\back\\Gestion_productos.php')
 3 SYSTEMPATH\View\View.php(216): CodeIgniter\View\View->CodeIgniter\View\{closure}()
 4 SYSTEMPATH\Common.php(1184): CodeIgniter\View\View->render('proyecto/back/Gestion_productos', [], true)
 5 APPPATH\Controllers\Producto_controller.php(88): view('proyecto/back/Gestion_productos', [...])
 6 SYSTEMPATH\CodeIgniter.php(934): App\Controllers\Producto_controller->gestion_productos()
 7 SYSTEMPATH\CodeIgniter.php(499): CodeIgniter\CodeIgniter->runController(Object(App\Controllers\Producto_controller))
 8 SYSTEMPATH\CodeIgniter.php(368): CodeIgniter\CodeIgniter->handleRequest(null, Object(Config\Cache), false)
 9 FCPATH\index.php(67): CodeIgniter\CodeIgniter->run()
CRITICAL - 2024-09-10 05:30:50 --> Class 'TCPDF' not found
in APPPATH\Controllers\Factura_controller.php on line 19.
 1 SYSTEMPATH\CodeIgniter.php(934): App\Controllers\Factura_controller->generarFactura('8')
 2 SYSTEMPATH\CodeIgniter.php(499): CodeIgniter\CodeIgniter->runController(Object(App\Controllers\Factura_controller))
 3 SYSTEMPATH\CodeIgniter.php(368): CodeIgniter\CodeIgniter->handleRequest(null, Object(Config\Cache), false)
 4 FCPATH\index.php(67): CodeIgniter\CodeIgniter->run()
ERROR - 2024-09-10 06:44:12 --> mysqli_sql_exception: Table 'db_ramos_jorge.categoria' doesn't exist in D:\Xamp\htdocs\proyecto_ramos_jorge\system\Database\MySQLi\Connection.php:295
Stack trace:
#0 D:\Xamp\htdocs\proyecto_ramos_jorge\system\Database\MySQLi\Connection.php(295): mysqli->query('SELECT *\nFROM `...', 0)
#1 D:\Xamp\htdocs\proyecto_ramos_jorge\system\Database\BaseConnection.php(691): CodeIgniter\Database\MySQLi\Connection->execute('SELECT *\nFROM `...')
#2 D:\Xamp\htdocs\proyecto_ramos_jorge\system\Database\BaseConnection.php(605): CodeIgniter\Database\BaseConnection->simpleQuery('SELECT *\nFROM `...')
#3 D:\Xamp\htdocs\proyecto_ramos_jorge\system\Database\BaseBuilder.php(1616): CodeIgniter\Database\BaseConnection->query('SELECT *\nFROM `...', Array, false)
#4 D:\Xamp\htdocs\proyecto_ramos_jorge\app\Models\Producto_Model.php(47): CodeIgniter\Database\BaseBuilder->get()
#5 D:\Xamp\htdocs\proyecto_ramos_jorge\app\Controllers\Factura_controller.php(74): App\Models\Producto_Model->getProducto('10')
#6 D:\Xamp\htdocs\proyecto_ramos_jorge\system\CodeIgniter.php(934): App\Controllers\Factura_controller->generarFactura('8')
#7 D:\Xamp\htdocs\proyecto_ramos_jorge\system\CodeIgniter.php(499): CodeIgniter\CodeIgniter->runController(Object(App\Controllers\Factura_controller))
#8 D:\Xamp\htdocs\proyecto_ramos_jorge\system\CodeIgniter.php(368): CodeIgniter\CodeIgniter->handleRequest(NULL, Object(Config\Cache), false)
#9 D:\Xamp\htdocs\proyecto_ramos_jorge\index.php(67): CodeIgniter\CodeIgniter->run()
#10 {main}
CRITICAL - 2024-09-10 06:44:12 --> Table 'db_ramos_jorge.categoria' doesn't exist
in SYSTEMPATH\Database\BaseConnection.php on line 645.
 1 SYSTEMPATH\Database\BaseBuilder.php(1616): CodeIgniter\Database\BaseConnection->query('SELECT *
FROM `productos`
JOIN `categoria` ON `categorias`.`id_categoria` = `productos`.`id_categoria`
WHERE `productos`.`id_producto` = :productos.id_producto:', [...], false)
 2 APPPATH\Models\Producto_Model.php(47): CodeIgniter\Database\BaseBuilder->get()
 3 APPPATH\Controllers\Factura_controller.php(74): App\Models\Producto_Model->getProducto('10')
 4 SYSTEMPATH\CodeIgniter.php(934): App\Controllers\Factura_controller->generarFactura('8')
 5 SYSTEMPATH\CodeIgniter.php(499): CodeIgniter\CodeIgniter->runController(Object(App\Controllers\Factura_controller))
 6 SYSTEMPATH\CodeIgniter.php(368): CodeIgniter\CodeIgniter->handleRequest(null, Object(Config\Cache), false)
 7 FCPATH\index.php(67): CodeIgniter\CodeIgniter->run()
ERROR - 2024-09-10 06:44:51 --> mysqli_sql_exception: Table 'db_ramos_jorge.categoria' doesn't exist in D:\Xamp\htdocs\proyecto_ramos_jorge\system\Database\MySQLi\Connection.php:295
Stack trace:
#0 D:\Xamp\htdocs\proyecto_ramos_jorge\system\Database\MySQLi\Connection.php(295): mysqli->query('SELECT *\nFROM `...', 0)
#1 D:\Xamp\htdocs\proyecto_ramos_jorge\system\Database\BaseConnection.php(691): CodeIgniter\Database\MySQLi\Connection->execute('SELECT *\nFROM `...')
#2 D:\Xamp\htdocs\proyecto_ramos_jorge\system\Database\BaseConnection.php(605): CodeIgniter\Database\BaseConnection->simpleQuery('SELECT *\nFROM `...')
#3 D:\Xamp\htdocs\proyecto_ramos_jorge\system\Database\BaseBuilder.php(1616): CodeIgniter\Database\BaseConnection->query('SELECT *\nFROM `...', Array, false)
#4 D:\Xamp\htdocs\proyecto_ramos_jorge\app\Models\Producto_Model.php(47): CodeIgniter\Database\BaseBuilder->get()
#5 D:\Xamp\htdocs\proyecto_ramos_jorge\app\Controllers\Factura_controller.php(74): App\Models\Producto_Model->getProducto('10')
#6 D:\Xamp\htdocs\proyecto_ramos_jorge\system\CodeIgniter.php(934): App\Controllers\Factura_controller->generarFactura('8')
#7 D:\Xamp\htdocs\proyecto_ramos_jorge\system\CodeIgniter.php(499): CodeIgniter\CodeIgniter->runController(Object(App\Controllers\Factura_controller))
#8 D:\Xamp\htdocs\proyecto_ramos_jorge\system\CodeIgniter.php(368): CodeIgniter\CodeIgniter->handleRequest(NULL, Object(Config\Cache), false)
#9 D:\Xamp\htdocs\proyecto_ramos_jorge\index.php(67): CodeIgniter\CodeIgniter->run()
#10 {main}
CRITICAL - 2024-09-10 06:44:51 --> Table 'db_ramos_jorge.categoria' doesn't exist
in SYSTEMPATH\Database\BaseConnection.php on line 645.
 1 SYSTEMPATH\Database\BaseBuilder.php(1616): CodeIgniter\Database\BaseConnection->query('SELECT *
FROM `productos`
JOIN `categoria` ON `categorias`.`id_categoria` = `productos`.`id_categoria`
WHERE `productos`.`id_producto` = :productos.id_producto:', [...], false)
 2 APPPATH\Models\Producto_Model.php(47): CodeIgniter\Database\BaseBuilder->get()
 3 APPPATH\Controllers\Factura_controller.php(74): App\Models\Producto_Model->getProducto('10')
 4 SYSTEMPATH\CodeIgniter.php(934): App\Controllers\Factura_controller->generarFactura('8')
 5 SYSTEMPATH\CodeIgniter.php(499): CodeIgniter\CodeIgniter->runController(Object(App\Controllers\Factura_controller))
 6 SYSTEMPATH\CodeIgniter.php(368): CodeIgniter\CodeIgniter->handleRequest(null, Object(Config\Cache), false)
 7 FCPATH\index.php(67): CodeIgniter\CodeIgniter->run()
ERROR - 2024-09-10 06:45:52 --> mysqli_sql_exception: Table 'db_ramos_jorge.categoria' doesn't exist in D:\Xamp\htdocs\proyecto_ramos_jorge\system\Database\MySQLi\Connection.php:295
Stack trace:
#0 D:\Xamp\htdocs\proyecto_ramos_jorge\system\Database\MySQLi\Connection.php(295): mysqli->query('SELECT *\nFROM `...', 0)
#1 D:\Xamp\htdocs\proyecto_ramos_jorge\system\Database\BaseConnection.php(691): CodeIgniter\Database\MySQLi\Connection->execute('SELECT *\nFROM `...')
#2 D:\Xamp\htdocs\proyecto_ramos_jorge\system\Database\BaseConnection.php(605): CodeIgniter\Database\BaseConnection->simpleQuery('SELECT *\nFROM `...')
#3 D:\Xamp\htdocs\proyecto_ramos_jorge\system\Database\BaseBuilder.php(1616): CodeIgniter\Database\BaseConnection->query('SELECT *\nFROM `...', Array, false)
#4 D:\Xamp\htdocs\proyecto_ramos_jorge\app\Models\Producto_Model.php(47): CodeIgniter\Database\BaseBuilder->get()
#5 D:\Xamp\htdocs\proyecto_ramos_jorge\app\Controllers\Factura_controller.php(74): App\Models\Producto_Model->getProducto('10')
#6 D:\Xamp\htdocs\proyecto_ramos_jorge\system\CodeIgniter.php(934): App\Controllers\Factura_controller->generarFactura('8')
#7 D:\Xamp\htdocs\proyecto_ramos_jorge\system\CodeIgniter.php(499): CodeIgniter\CodeIgniter->runController(Object(App\Controllers\Factura_controller))
#8 D:\Xamp\htdocs\proyecto_ramos_jorge\system\CodeIgniter.php(368): CodeIgniter\CodeIgniter->handleRequest(NULL, Object(Config\Cache), false)
#9 D:\Xamp\htdocs\proyecto_ramos_jorge\index.php(67): CodeIgniter\CodeIgniter->run()
#10 {main}
CRITICAL - 2024-09-10 06:45:52 --> Table 'db_ramos_jorge.categoria' doesn't exist
in SYSTEMPATH\Database\BaseConnection.php on line 645.
 1 SYSTEMPATH\Database\BaseBuilder.php(1616): CodeIgniter\Database\BaseConnection->query('SELECT *
FROM `productos`
JOIN `categoria` ON `categorias`.`id_categoria` = `productos`.`id_categoria`
WHERE `productos`.`id_producto` = :productos.id_producto:', [...], false)
 2 APPPATH\Models\Producto_Model.php(47): CodeIgniter\Database\BaseBuilder->get()
 3 APPPATH\Controllers\Factura_controller.php(74): App\Models\Producto_Model->getProducto('10')
 4 SYSTEMPATH\CodeIgniter.php(934): App\Controllers\Factura_controller->generarFactura('8')
 5 SYSTEMPATH\CodeIgniter.php(499): CodeIgniter\CodeIgniter->runController(Object(App\Controllers\Factura_controller))
 6 SYSTEMPATH\CodeIgniter.php(368): CodeIgniter\CodeIgniter->handleRequest(null, Object(Config\Cache), false)
 7 FCPATH\index.php(67): CodeIgniter\CodeIgniter->run()
ERROR - 2024-09-10 06:50:29 --> mysqli_sql_exception: Table 'db_ramos_jorge.categoria' doesn't exist in D:\Xamp\htdocs\proyecto_ramos_jorge\system\Database\MySQLi\Connection.php:295
Stack trace:
#0 D:\Xamp\htdocs\proyecto_ramos_jorge\system\Database\MySQLi\Connection.php(295): mysqli->query('SELECT *\nFROM `...', 0)
#1 D:\Xamp\htdocs\proyecto_ramos_jorge\system\Database\BaseConnection.php(691): CodeIgniter\Database\MySQLi\Connection->execute('SELECT *\nFROM `...')
#2 D:\Xamp\htdocs\proyecto_ramos_jorge\system\Database\BaseConnection.php(605): CodeIgniter\Database\BaseConnection->simpleQuery('SELECT *\nFROM `...')
#3 D:\Xamp\htdocs\proyecto_ramos_jorge\system\Database\BaseBuilder.php(1616): CodeIgniter\Database\BaseConnection->query('SELECT *\nFROM `...', Array, false)
#4 D:\Xamp\htdocs\proyecto_ramos_jorge\app\Models\Producto_Model.php(47): CodeIgniter\Database\BaseBuilder->get()
#5 D:\Xamp\htdocs\proyecto_ramos_jorge\app\Controllers\Factura_controller.php(74): App\Models\Producto_Model->getProducto('10')
#6 D:\Xamp\htdocs\proyecto_ramos_jorge\system\CodeIgniter.php(934): App\Controllers\Factura_controller->generarFactura('8')
#7 D:\Xamp\htdocs\proyecto_ramos_jorge\system\CodeIgniter.php(499): CodeIgniter\CodeIgniter->runController(Object(App\Controllers\Factura_controller))
#8 D:\Xamp\htdocs\proyecto_ramos_jorge\system\CodeIgniter.php(368): CodeIgniter\CodeIgniter->handleRequest(NULL, Object(Config\Cache), false)
#9 D:\Xamp\htdocs\proyecto_ramos_jorge\index.php(67): CodeIgniter\CodeIgniter->run()
#10 {main}
CRITICAL - 2024-09-10 06:50:29 --> Table 'db_ramos_jorge.categoria' doesn't exist
in SYSTEMPATH\Database\BaseConnection.php on line 645.
 1 SYSTEMPATH\Database\BaseBuilder.php(1616): CodeIgniter\Database\BaseConnection->query('SELECT *
FROM `productos`
JOIN `categoria` ON `categorias`.`id_categoria` = `productos`.`id_categoria`
WHERE `productos`.`id_producto` = :productos.id_producto:', [...], false)
 2 APPPATH\Models\Producto_Model.php(47): CodeIgniter\Database\BaseBuilder->get()
 3 APPPATH\Controllers\Factura_controller.php(74): App\Models\Producto_Model->getProducto('10')
 4 SYSTEMPATH\CodeIgniter.php(934): App\Controllers\Factura_controller->generarFactura('8')
 5 SYSTEMPATH\CodeIgniter.php(499): CodeIgniter\CodeIgniter->runController(Object(App\Controllers\Factura_controller))
 6 SYSTEMPATH\CodeIgniter.php(368): CodeIgniter\CodeIgniter->handleRequest(null, Object(Config\Cache), false)
 7 FCPATH\index.php(67): CodeIgniter\CodeIgniter->run()
ERROR - 2024-09-10 06:51:17 --> mysqli_sql_exception: Table 'db_ramos_jorge.categoria' doesn't exist in D:\Xamp\htdocs\proyecto_ramos_jorge\system\Database\MySQLi\Connection.php:295
Stack trace:
#0 D:\Xamp\htdocs\proyecto_ramos_jorge\system\Database\MySQLi\Connection.php(295): mysqli->query('SELECT *\nFROM `...', 0)
#1 D:\Xamp\htdocs\proyecto_ramos_jorge\system\Database\BaseConnection.php(691): CodeIgniter\Database\MySQLi\Connection->execute('SELECT *\nFROM `...')
#2 D:\Xamp\htdocs\proyecto_ramos_jorge\system\Database\BaseConnection.php(605): CodeIgniter\Database\BaseConnection->simpleQuery('SELECT *\nFROM `...')
#3 D:\Xamp\htdocs\proyecto_ramos_jorge\system\Database\BaseBuilder.php(1616): CodeIgniter\Database\BaseConnection->query('SELECT *\nFROM `...', Array, false)
#4 D:\Xamp\htdocs\proyecto_ramos_jorge\app\Models\Producto_Model.php(47): CodeIgniter\Database\BaseBuilder->get()
#5 D:\Xamp\htdocs\proyecto_ramos_jorge\app\Controllers\Factura_controller.php(74): App\Models\Producto_Model->getProducto('10')
#6 D:\Xamp\htdocs\proyecto_ramos_jorge\system\CodeIgniter.php(934): App\Controllers\Factura_controller->generarFactura('8')
#7 D:\Xamp\htdocs\proyecto_ramos_jorge\system\CodeIgniter.php(499): CodeIgniter\CodeIgniter->runController(Object(App\Controllers\Factura_controller))
#8 D:\Xamp\htdocs\proyecto_ramos_jorge\system\CodeIgniter.php(368): CodeIgniter\CodeIgniter->handleRequest(NULL, Object(Config\Cache), false)
#9 D:\Xamp\htdocs\proyecto_ramos_jorge\index.php(67): CodeIgniter\CodeIgniter->run()
#10 {main}
CRITICAL - 2024-09-10 06:51:17 --> Table 'db_ramos_jorge.categoria' doesn't exist
in SYSTEMPATH\Database\BaseConnection.php on line 645.
 1 SYSTEMPATH\Database\BaseBuilder.php(1616): CodeIgniter\Database\BaseConnection->query('SELECT *
FROM `productos`
JOIN `categoria` ON `categorias`.`id_categoria` = `productos`.`id_categoria`
WHERE `productos`.`id_producto` = :productos.id_producto:', [...], false)
 2 APPPATH\Models\Producto_Model.php(47): CodeIgniter\Database\BaseBuilder->get()
 3 APPPATH\Controllers\Factura_controller.php(74): App\Models\Producto_Model->getProducto('10')
 4 SYSTEMPATH\CodeIgniter.php(934): App\Controllers\Factura_controller->generarFactura('8')
 5 SYSTEMPATH\CodeIgniter.php(499): CodeIgniter\CodeIgniter->runController(Object(App\Controllers\Factura_controller))
 6 SYSTEMPATH\CodeIgniter.php(368): CodeIgniter\CodeIgniter->handleRequest(null, Object(Config\Cache), false)
 7 FCPATH\index.php(67): CodeIgniter\CodeIgniter->run()
CRITICAL - 2024-09-10 06:55:13 --> Call to a member function get() on null
in APPPATH\Views\proyecto\front\Principal.php on line 114.
 1 SYSTEMPATH\View\View.php(213): include()
 2 SYSTEMPATH\View\View.php(216): CodeIgniter\View\View->CodeIgniter\View\{closure}()
 3 SYSTEMPATH\Common.php(1184): CodeIgniter\View\View->render('proyecto/front/Principal', [], true)
 4 APPPATH\Controllers\Home.php(22): view('proyecto/front/Principal', [...])
 5 SYSTEMPATH\CodeIgniter.php(934): App\Controllers\Home->Principal()
 6 SYSTEMPATH\CodeIgniter.php(499): CodeIgniter\CodeIgniter->runController(Object(App\Controllers\Home))
 7 SYSTEMPATH\CodeIgniter.php(368): CodeIgniter\CodeIgniter->handleRequest(null, Object(Config\Cache), false)
 8 FCPATH\index.php(67): CodeIgniter\CodeIgniter->run()
CRITICAL - 2024-09-10 06:55:23 --> Call to a member function get() on null
in APPPATH\Views\proyecto\front\Principal.php on line 114.
 1 SYSTEMPATH\View\View.php(213): include()
 2 SYSTEMPATH\View\View.php(216): CodeIgniter\View\View->CodeIgniter\View\{closure}()
 3 SYSTEMPATH\Common.php(1184): CodeIgniter\View\View->render('proyecto/front/Principal', [], true)
 4 APPPATH\Controllers\Home.php(22): view('proyecto/front/Principal', [...])
 5 SYSTEMPATH\CodeIgniter.php(934): App\Controllers\Home->Principal()
 6 SYSTEMPATH\CodeIgniter.php(499): CodeIgniter\CodeIgniter->runController(Object(App\Controllers\Home))
 7 SYSTEMPATH\CodeIgniter.php(368): CodeIgniter\CodeIgniter->handleRequest(null, Object(Config\Cache), false)
 8 FCPATH\index.php(67): CodeIgniter\CodeIgniter->run()
