CRITICAL - 2024-06-25 02:00:42 --> Invalid file: "proyecto/back/Editar_usuario.php"
in SYSTEMPATH\Exceptions\FrameworkException.php on line 33.
 1 SYSTEMPATH\View\View.php(201): CodeIgniter\Exceptions\FrameworkException::forInvalidFile('proyecto/back/Editar_usuario.php')
 2 SYSTEMPATH\Common.php(1184): CodeIgniter\View\View->render('proyecto/back/Editar_usuario', [], true)
 3 APPPATH\Controllers\Usuario_controller.php(240): view('proyecto/back/Editar_usuario')
 4 SYSTEMPATH\CodeIgniter.php(934): App\Controllers\Usuario_controller->editar_usuario('123142')
 5 SYSTEMPATH\CodeIgniter.php(499): CodeIgniter\CodeIgniter->runController(Object(App\Controllers\Usuario_controller))
 6 SYSTEMPATH\CodeIgniter.php(368): CodeIgniter\CodeIgniter->handleRequest(null, Object(Config\Cache), false)
 7 FCPATH\index.php(67): CodeIgniter\CodeIgniter->run()
CRITICAL - 2024-06-25 02:58:12 --> Invalid argument supplied for foreach()
in APPPATH\Views\proyecto\back\Editar_producto.php on line 40.
 1 APPPATH\Views\proyecto\back\Editar_producto.php(40): CodeIgniter\Debug\Exceptions->errorHandler(2, 'Invalid argument supplied for foreach()', 'APPPATH\\Views\\proyecto\\back\\Editar_producto.php', 40, [...])
 2 SYSTEMPATH\View\View.php(213): include('APPPATH\\Views\\proyecto\\back\\Editar_producto.php')
 3 SYSTEMPATH\View\View.php(216): CodeIgniter\View\View->CodeIgniter\View\{closure}()
 4 SYSTEMPATH\Common.php(1184): CodeIgniter\View\View->render('proyecto/back/Editar_producto', [], true)
 5 APPPATH\Controllers\Usuario_controller.php(299): view('proyecto/back/Editar_producto', [...])
 6 SYSTEMPATH\CodeIgniter.php(934): App\Controllers\Usuario_controller->actualizar_perfil('123142')
 7 SYSTEMPATH\CodeIgniter.php(499): CodeIgniter\CodeIgniter->runController(Object(App\Controllers\Usuario_controller))
 8 SYSTEMPATH\CodeIgniter.php(368): CodeIgniter\CodeIgniter->handleRequest(null, Object(Config\Cache), false)
 9 FCPATH\index.php(67): CodeIgniter\CodeIgniter->run()
CRITICAL - 2024-06-25 13:36:22 --> Invalid argument supplied for foreach()
in APPPATH\Views\proyecto\back\Gestion_consultas.php on line 40.
 1 APPPATH\Views\proyecto\back\Gestion_consultas.php(40): CodeIgniter\Debug\Exceptions->errorHandler(2, 'Invalid argument supplied for foreach()', 'APPPATH\\Views\\proyecto\\back\\Gestion_consultas.php', 40, [...])
 2 SYSTEMPATH\View\View.php(213): include('APPPATH\\Views\\proyecto\\back\\Gestion_consultas.php')
 3 SYSTEMPATH\View\View.php(216): CodeIgniter\View\View->CodeIgniter\View\{closure}()
 4 SYSTEMPATH\Common.php(1184): CodeIgniter\View\View->render('proyecto/back/Gestion_consultas', [], true)
 5 APPPATH\Controllers\Contacto_controller.php(97): view('proyecto/back/Gestion_consultas')
 6 SYSTEMPATH\CodeIgniter.php(934): App\Controllers\Contacto_controller->listar_consultas()
 7 SYSTEMPATH\CodeIgniter.php(499): CodeIgniter\CodeIgniter->runController(Object(App\Controllers\Contacto_controller))
 8 SYSTEMPATH\CodeIgniter.php(368): CodeIgniter\CodeIgniter->handleRequest(null, Object(Config\Cache), false)
 9 FCPATH\index.php(67): CodeIgniter\CodeIgniter->run()
CRITICAL - 2024-06-25 13:54:22 --> Invalid argument supplied for foreach()
in APPPATH\Views\proyecto\back\Gestion_consultas.php on line 32.
 1 APPPATH\Views\proyecto\back\Gestion_consultas.php(32): CodeIgniter\Debug\Exceptions->errorHandler(2, 'Invalid argument supplied for foreach()', 'APPPATH\\Views\\proyecto\\back\\Gestion_consultas.php', 32, [...])
 2 SYSTEMPATH\View\View.php(213): include('APPPATH\\Views\\proyecto\\back\\Gestion_consultas.php')
 3 SYSTEMPATH\View\View.php(216): CodeIgniter\View\View->CodeIgniter\View\{closure}()
 4 SYSTEMPATH\Common.php(1184): CodeIgniter\View\View->render('proyecto/back/Gestion_consultas', [], true)
 5 APPPATH\Controllers\Contacto_controller.php(97): view('proyecto/back/Gestion_consultas')
 6 SYSTEMPATH\CodeIgniter.php(934): App\Controllers\Contacto_controller->listar_consultas()
 7 SYSTEMPATH\CodeIgniter.php(499): CodeIgniter\CodeIgniter->runController(Object(App\Controllers\Contacto_controller))
 8 SYSTEMPATH\CodeIgniter.php(368): CodeIgniter\CodeIgniter->handleRequest(null, Object(Config\Cache), false)
 9 FCPATH\index.php(67): CodeIgniter\CodeIgniter->run()
